<?xml version="1.0" encoding="UTF-8"?>
<!-- Generated by org.testng.reporters.JUnitReportReporter -->
<testsuite skipped="0" hostname="PC-201812021554" name="guangfa.test.firstAppium.swipeTest" tests="1" failures="0" timestamp="27 十一月 2019 03:07:46 GMT" time="20.058" errors="0">
  <testcase name="testLeftRight" time="20.058" classname="guangfa.test.firstAppium.swipeTest"/>
</testsuite> <!-- guangfa.test.firstAppium.swipeTest -->
