<?xml version="1.0" encoding="UTF-8"?>
<!-- Generated by org.testng.reporters.JUnitReportReporter -->
<testsuite skipped="0" hostname="PC-201812021554" name="guangfa.test.firstAppium.AppiumTest" tests="1" failures="0" timestamp="27 十一月 2019 11:26:26 GMT" time="86.978" errors="0">
  <testcase name="testyijinbao" time="86.978" classname="guangfa.test.firstAppium.AppiumTest"/>
</testsuite> <!-- guangfa.test.firstAppium.AppiumTest -->
